<?xml version="1.0" encoding="UTF-8"?>
<testng-results skipped="0" failed="0" ignored="0" total="1" passed="1">
  <reporter-output>
  </reporter-output>
  <suite name="Default suite" duration-ms="7877" started-at="2023-08-26T14:00:37Z" finished-at="2023-08-26T14:00:45Z">
    <groups>
    </groups>
    <test name="Default test" duration-ms="7877" started-at="2023-08-26T14:00:37Z" finished-at="2023-08-26T14:00:45Z">
      <class name="com.qa.seleniumbasics.DragAndDrop">
        <test-method status="PASS" signature="launch()[pri:0, instance:com.qa.seleniumbasics.DragAndDrop@4690b489]" name="launch" is-config="true" duration-ms="7451" started-at="2023-08-26T19:30:37Z" finished-at="2023-08-26T19:30:44Z">
          <reporter-output>
          </reporter-output>
        </test-method> <!-- launch -->
        <test-method status="PASS" signature="dragAndDrop1()[pri:0, instance:com.qa.seleniumbasics.DragAndDrop@4690b489]" name="dragAndDrop1" duration-ms="397" started-at="2023-08-26T19:30:44Z" finished-at="2023-08-26T19:30:45Z">
          <reporter-output>
          </reporter-output>
        </test-method> <!-- dragAndDrop1 -->
      </class> <!-- com.qa.seleniumbasics.DragAndDrop -->
    </test> <!-- Default test -->
  </suite> <!-- Default suite -->
</testng-results>
